<?xml version="1.0" encoding="UTF-8"?>
<robot generator="Robot 7.3.2 (Python 3.13.0 on linux)" generated="2025-11-07T21:32:58.508047" rpa="false" schemaversion="5">
<suite id="s1" name="Tests" source="/home/saara/projects/ohtu/webcounter/webcounter/src/tests">
<suite id="s1-s1" name="Increment" source="/home/saara/projects/ohtu/webcounter/webcounter/src/tests/increment.robot">
<kw name="Open And Configure Browser" owner="resource" type="SETUP">
<kw name="Set Selenium Speed" owner="SeleniumLibrary">
<arg>${DELAY}</arg>
<doc>Sets the delay that is waited after each Selenium command.</doc>
<status status="PASS" start="2025-11-07T21:32:58.751147" elapsed="0.000398"/>
</kw>
<kw name="Open Browser" owner="SeleniumLibrary">
<msg time="2025-11-07T21:32:58.751993" level="INFO">Opening browser 'chrome' to base url 'None'.</msg>
<arg>browser=${BROWSER}</arg>
<doc>Opens a new browser instance to the optional ``url``.</doc>
<status status="PASS" start="2025-11-07T21:32:58.751739" elapsed="2.355013"/>
</kw>
<status status="PASS" start="2025-11-07T21:32:58.750274" elapsed="2.356643"/>
</kw>
<test id="s1-s1-t1" name="At start the counter is zero" line="7">
<kw name="Go To" owner="SeleniumLibrary">
<msg time="2025-11-07T21:33:01.107881" level="INFO">Opening url 'http://localhost:5001'</msg>
<arg>${HOME_URL}</arg>
<doc>Navigates the current browser window to the provided ``url``.</doc>
<status status="PASS" start="2025-11-07T21:33:01.107675" elapsed="0.584952"/>
</kw>
<kw name="Title Should Be" owner="SeleniumLibrary">
<msg time="2025-11-07T21:33:02.208229" level="INFO">Page title is 'Laskuri'.</msg>
<arg>Laskuri</arg>
<doc>Verifies that the current page title equals ``title``.</doc>
<status status="PASS" start="2025-11-07T21:33:01.693331" elapsed="0.515286"/>
</kw>
<kw name="Page Should Contain" owner="SeleniumLibrary">
<msg time="2025-11-07T21:33:03.238371" level="INFO">Current page contains text 'nappia painettu 0 kertaa'.</msg>
<arg>nappia painettu 0 kertaa</arg>
<doc>Verifies that current page contains ``text``.</doc>
<status status="PASS" start="2025-11-07T21:33:02.209084" elapsed="1.029482"/>
</kw>
<status status="PASS" start="2025-11-07T21:33:01.107119" elapsed="2.131732"/>
</test>
<test id="s1-s1-t2" name="When button pressed twice the counter is two" line="12">
<kw name="Go To" owner="SeleniumLibrary">
<msg time="2025-11-07T21:33:03.240005" level="INFO">Opening url 'http://localhost:5001'</msg>
<arg>${HOME_URL}</arg>
<doc>Navigates the current browser window to the provided ``url``.</doc>
<status status="PASS" start="2025-11-07T21:33:03.239801" elapsed="0.549945"/>
</kw>
<kw name="Click Button" owner="SeleniumLibrary">
<msg time="2025-11-07T21:33:03.791549" level="INFO">Clicking button 'Paina'.</msg>
<arg>Paina</arg>
<doc>Clicks the button identified by ``locator``.</doc>
<status status="PASS" start="2025-11-07T21:33:03.790727" elapsed="2.197159"/>
</kw>
<kw name="Click Button" owner="SeleniumLibrary">
<msg time="2025-11-07T21:33:05.988723" level="INFO">Clicking button 'Paina'.</msg>
<arg>Paina</arg>
<doc>Clicks the button identified by ``locator``.</doc>
<status status="PASS" start="2025-11-07T21:33:05.988445" elapsed="2.176784"/>
</kw>
<kw name="Page Should Contain" owner="SeleniumLibrary">
<msg time="2025-11-07T21:33:09.193466" level="INFO">Current page contains text 'nappia painettu 2 kertaa'.</msg>
<arg>nappia painettu 2 kertaa</arg>
<doc>Verifies that current page contains ``text``.</doc>
<status status="PASS" start="2025-11-07T21:33:08.165780" elapsed="1.027909"/>
</kw>
<status status="PASS" start="2025-11-07T21:33:03.239252" elapsed="5.954902"/>
</test>
<test id="s1-s1-t3" name="Resetting the counter sets it back to zero" line="18">
<kw name="Go To" owner="SeleniumLibrary">
<msg time="2025-11-07T21:33:09.195182" level="INFO">Opening url 'http://localhost:5001'</msg>
<arg>${HOME_URL}</arg>
<doc>Navigates the current browser window to the provided ``url``.</doc>
<status status="PASS" start="2025-11-07T21:33:09.194888" elapsed="0.543821"/>
</kw>
<kw name="Click Button" owner="SeleniumLibrary">
<msg time="2025-11-07T21:33:09.739643" level="INFO">Clicking button 'Nollaa'.</msg>
<arg>Nollaa</arg>
<doc>Clicks the button identified by ``locator``.</doc>
<status status="PASS" start="2025-11-07T21:33:09.739372" elapsed="2.182755"/>
</kw>
<kw name="Page Should Contain" owner="SeleniumLibrary">
<msg time="2025-11-07T21:33:12.948433" level="INFO">Current page contains text 'nappia painettu 0 kertaa'.</msg>
<arg>nappia painettu 0 kertaa</arg>
<doc>Verifies that current page contains ``text``.</doc>
<status status="PASS" start="2025-11-07T21:33:11.923044" elapsed="1.025596"/>
</kw>
<kw name="Click Button" owner="SeleniumLibrary">
<msg time="2025-11-07T21:33:12.949655" level="INFO">Clicking button 'Paina'.</msg>
<arg>Paina</arg>
<doc>Clicks the button identified by ``locator``.</doc>
<status status="PASS" start="2025-11-07T21:33:12.949347" elapsed="2.180044"/>
</kw>
<kw name="Click Button" owner="SeleniumLibrary">
<msg time="2025-11-07T21:33:15.130719" level="INFO">Clicking button 'Paina'.</msg>
<arg>Paina</arg>
<doc>Clicks the button identified by ``locator``.</doc>
<status status="PASS" start="2025-11-07T21:33:15.130236" elapsed="2.167160"/>
</kw>
<kw name="Page Should Contain" owner="SeleniumLibrary">
<msg time="2025-11-07T21:33:18.324303" level="INFO">Current page contains text 'nappia painettu 2 kertaa'.</msg>
<arg>nappia painettu 2 kertaa</arg>
<doc>Verifies that current page contains ``text``.</doc>
<status status="PASS" start="2025-11-07T21:33:17.298085" elapsed="1.026532"/>
</kw>
<kw name="Click Button" owner="SeleniumLibrary">
<msg time="2025-11-07T21:33:18.325334" level="INFO">Clicking button 'Nollaa'.</msg>
<arg>Nollaa</arg>
<doc>Clicks the button identified by ``locator``.</doc>
<status status="PASS" start="2025-11-07T21:33:18.325105" elapsed="2.173796"/>
</kw>
<kw name="Page Should Contain" owner="SeleniumLibrary">
<msg time="2025-11-07T21:33:21.525363" level="INFO">Current page contains text 'nappia painettu 0 kertaa'.</msg>
<arg>nappia painettu 0 kertaa</arg>
<doc>Verifies that current page contains ``text``.</doc>
<status status="PASS" start="2025-11-07T21:33:20.499416" elapsed="1.026318"/>
</kw>
<status status="PASS" start="2025-11-07T21:33:09.194502" elapsed="12.331866"/>
</test>
<kw name="Close Browser" owner="SeleniumLibrary" type="TEARDOWN">
<doc>Closes the current browser.</doc>
<status status="PASS" start="2025-11-07T21:33:21.527099" elapsed="0.572260"/>
</kw>
<status status="PASS" start="2025-11-07T21:32:58.533686" elapsed="23.565882"/>
</suite>
<status status="PASS" start="2025-11-07T21:32:58.508995" elapsed="23.591957"/>
</suite>
<statistics>
<total>
<stat pass="3" fail="0" skip="0">All Tests</stat>
</total>
<tag>
</tag>
<suite>
<stat name="Tests" id="s1" pass="3" fail="0" skip="0">Tests</stat>
<stat name="Increment" id="s1-s1" pass="3" fail="0" skip="0">Tests.Increment</stat>
</suite>
</statistics>
<errors>
</errors>
</robot>
